2024-07-19 14:55 +08:00: Error: Access denied for user 'zyl'@'localhost' (using password: YES)
2024-07-19 14:55 +08:00:     at Packet.asError (/Users/mac/Desktop/chanyue-cms/server/node_modules/mysql2/lib/packets/packet.js:728:17)
2024-07-19 14:55 +08:00:     at ClientHandshake.execute (/Users/mac/Desktop/chanyue-cms/server/node_modules/mysql2/lib/commands/command.js:29:26)
2024-07-19 14:55 +08:00:     at Connection.handlePacket (/Users/mac/Desktop/chanyue-cms/server/node_modules/mysql2/lib/connection.js:481:34)
2024-07-19 14:55 +08:00:     at PacketParser.onPacket (/Users/mac/Desktop/chanyue-cms/server/node_modules/mysql2/lib/connection.js:97:12)
2024-07-19 14:55 +08:00:     at PacketParser.executeStart (/Users/mac/Desktop/chanyue-cms/server/node_modules/mysql2/lib/packet_parser.js:75:16)
2024-07-19 14:55 +08:00:     at Socket.<anonymous> (/Users/mac/Desktop/chanyue-cms/server/node_modules/mysql2/lib/connection.js:104:25)
2024-07-19 14:55 +08:00:     at Socket.emit (node:events:519:28)
2024-07-19 14:55 +08:00:     at addChunk (node:internal/streams/readable:559:12)
2024-07-19 14:55 +08:00:     at readableAddChunkPushByteMode (node:internal/streams/readable:510:3)
2024-07-19 14:55 +08:00:     at Readable.push (node:internal/streams/readable:390:5) {
2024-07-19 14:55 +08:00:   code: 'ER_ACCESS_DENIED_ERROR',
2024-07-19 14:55 +08:00:   errno: 1045,
2024-07-19 14:55 +08:00:   sqlState: '28000',
2024-07-19 14:55 +08:00:   sqlMessage: "Access denied for user 'zyl'@'localhost' (using password: YES)",
2024-07-19 14:55 +08:00:   sql: undefined
2024-07-19 14:55 +08:00: }
2024-07-19 14:56 +08:00: Error: Access denied for user 'zyl'@'localhost' (using password: YES)
2024-07-19 14:56 +08:00:     at Packet.asError (/Users/mac/Desktop/chanyue-cms/server/node_modules/mysql2/lib/packets/packet.js:728:17)
2024-07-19 14:56 +08:00:     at ClientHandshake.execute (/Users/mac/Desktop/chanyue-cms/server/node_modules/mysql2/lib/commands/command.js:29:26)
2024-07-19 14:56 +08:00:     at Connection.handlePacket (/Users/mac/Desktop/chanyue-cms/server/node_modules/mysql2/lib/connection.js:481:34)
2024-07-19 14:56 +08:00:     at PacketParser.onPacket (/Users/mac/Desktop/chanyue-cms/server/node_modules/mysql2/lib/connection.js:97:12)
2024-07-19 14:56 +08:00:     at PacketParser.executeStart (/Users/mac/Desktop/chanyue-cms/server/node_modules/mysql2/lib/packet_parser.js:75:16)
2024-07-19 14:56 +08:00:     at Socket.<anonymous> (/Users/mac/Desktop/chanyue-cms/server/node_modules/mysql2/lib/connection.js:104:25)
2024-07-19 14:56 +08:00:     at Socket.emit (node:events:519:28)
2024-07-19 14:56 +08:00:     at addChunk (node:internal/streams/readable:559:12)
2024-07-19 14:56 +08:00:     at readableAddChunkPushByteMode (node:internal/streams/readable:510:3)
2024-07-19 14:56 +08:00:     at Readable.push (node:internal/streams/readable:390:5) {
2024-07-19 14:56 +08:00:   code: 'ER_ACCESS_DENIED_ERROR',
2024-07-19 14:56 +08:00:   errno: 1045,
2024-07-19 14:56 +08:00:   sqlState: '28000',
2024-07-19 14:56 +08:00:   sqlMessage: "Access denied for user 'zyl'@'localhost' (using password: YES)",
2024-07-19 14:56 +08:00:   sql: undefined
2024-07-19 14:56 +08:00: }
2024-07-19 14:56 +08:00: Error: Access denied for user 'zyl'@'localhost' (using password: YES)
2024-07-19 14:56 +08:00:     at Packet.asError (/Users/mac/Desktop/chanyue-cms/server/node_modules/mysql2/lib/packets/packet.js:728:17)
2024-07-19 14:56 +08:00:     at ClientHandshake.execute (/Users/mac/Desktop/chanyue-cms/server/node_modules/mysql2/lib/commands/command.js:29:26)
2024-07-19 14:56 +08:00:     at Connection.handlePacket (/Users/mac/Desktop/chanyue-cms/server/node_modules/mysql2/lib/connection.js:481:34)
2024-07-19 14:56 +08:00:     at PacketParser.onPacket (/Users/mac/Desktop/chanyue-cms/server/node_modules/mysql2/lib/connection.js:97:12)
2024-07-19 14:56 +08:00:     at PacketParser.executeStart (/Users/mac/Desktop/chanyue-cms/server/node_modules/mysql2/lib/packet_parser.js:75:16)
2024-07-19 14:56 +08:00:     at Socket.<anonymous> (/Users/mac/Desktop/chanyue-cms/server/node_modules/mysql2/lib/connection.js:104:25)
2024-07-19 14:56 +08:00:     at Socket.emit (node:events:519:28)
2024-07-19 14:56 +08:00:     at addChunk (node:internal/streams/readable:559:12)
2024-07-19 14:56 +08:00:     at readableAddChunkPushByteMode (node:internal/streams/readable:510:3)
2024-07-19 14:56 +08:00:     at Readable.push (node:internal/streams/readable:390:5) {
2024-07-19 14:56 +08:00:   code: 'ER_ACCESS_DENIED_ERROR',
2024-07-19 14:56 +08:00:   errno: 1045,
2024-07-19 14:56 +08:00:   sqlState: '28000',
2024-07-19 14:56 +08:00:   sqlMessage: "Access denied for user 'zyl'@'localhost' (using password: YES)",
2024-07-19 14:56 +08:00:   sql: undefined
2024-07-19 14:56 +08:00: }
